<?xml version="1.0" encoding="UTF-8"?>
<!-- Generated by org.testng.reporters.JUnitReportReporter -->
<testsuite hostname="LAPTOP-5A1C65V3" failures="0" tests="1" name="com.example.CalculatorTest" time="0.009" errors="0" timestamp="2025-02-14T16:17:20 IST" skipped="0">
  <testcase classname="com.example.CalculatorTest" name="testAdd" time="0.009"/>
  <system-out/>
</testsuite> <!-- com.example.CalculatorTest -->
